# JRE version: OpenJDK Runtime Environment (17.0.6) (build 17.0.6+0-b2043.56-9586694)
# Java VM: OpenJDK 64-Bit Server VM (17.0.6+0-b2043.56-9586694, mixed mode, tiered, compressed oops, compressed class ptrs, g1 gc, windows-amd64)
GC Precious Log:
 CPUs: 8 total, 8 available
 Memory: 16236M
 Large Page Support: Disabled
 NUMA Support: Disabled
 Compressed Oops: Enabled (32-bit)
 Heap Region Size: 1M
 Heap Min Capacity: 8M
 Heap Initial Capacity: 254M
 Heap Max Capacity: 2G
 Pre-touch: Disabled
 Parallel Workers: 8
 Concurrent Workers: 2
 Concurrent Refinement Workers: 8
 Periodic GC: Disabled
Heap:
 garbage-first heap   total 319488K, used 150610K [0x0000000080000000, 0x0000000100000000)
  region size 1024K, 18 young (18432K), 10 survivors (10240K)
 Metaspace       used 123310K, committed 124544K, reserved 1163264K
  class space    used 17134K, committed 17664K, reserved 1048576K
GC Heap History (20 events):
Event: 28.919 GC heap before
{Heap before GC invocations=41 (full 0):
 garbage-first heap   total 253952K, used 203065K [0x0000000080000000, 0x0000000100000000)
  region size 1024K, 98 young (100352K), 8 survivors (8192K)
 Metaspace       used 116818K, committed 117696K, reserved 1155072K
  class space    used 16388K, committed 16832K, reserved 1048576K
}
Event: 28.925 GC heap after
{Heap after GC invocations=42 (full 0):
 garbage-first heap   total 253952K, used 115329K [0x0000000080000000, 0x0000000100000000)
  region size 1024K, 4 young (4096K), 4 survivors (4096K)
 Metaspace       used 116818K, committed 117696K, reserved 1155072K
  class space    used 16388K, committed 16832K, reserved 1048576K
}
Event: 29.615 GC heap before
{Heap before GC invocations=42 (full 0):
 garbage-first heap   total 253952K, used 181889K [0x0000000080000000, 0x0000000100000000)
  region size 1024K, 45 young (46080K), 4 survivors (4096K)
 Metaspace       used 120327K, committed 121216K, reserved 1155072K
  class space    used 16963K, committed 17408K, reserved 1048576K
}
Event: 29.621 GC heap after
{Heap after GC invocations=43 (full 0):
 garbage-first heap   total 253952K, used 136620K [0x0000000080000000, 0x0000000100000000)
  region size 1024K, 7 young (7168K), 7 survivors (7168K)
 Metaspace       used 120327K, committed 121216K, reserved 1155072K
  class space    used 16963K, committed 17408K, reserved 1048576K
}
Event: 1380.689 GC heap before
{Heap before GC invocations=43 (full 0):
 garbage-first heap   total 253952K, used 228780K [0x0000000080000000, 0x0000000100000000)
  region size 1024K, 80 young (81920K), 7 survivors (7168K)
 Metaspace       used 121750K, committed 122624K, reserved 1155072K
  class space    used 17094K, committed 17536K, reserved 1048576K
}
Event: 1380.696 GC heap after
{Heap after GC invocations=44 (full 0):
 garbage-first heap   total 253952K, used 122916K [0x0000000080000000, 0x0000000100000000)
  region size 1024K, 8 young (8192K), 8 survivors (8192K)
 Metaspace       used 121750K, committed 122624K, reserved 1155072K
  class space    used 17094K, committed 17536K, reserved 1048576K
}
Event: 1384.255 GC heap before
{Heap before GC invocations=44 (full 0):
 garbage-first heap   total 253952K, used 208932K [0x0000000080000000, 0x0000000100000000)
  region size 1024K, 93 young (95232K), 8 survivors (8192K)
 Metaspace       used 122575K, committed 123456K, reserved 1155072K
  class space    used 17120K, committed 17536K, reserved 1048576K
}
Event: 1384.269 GC heap after
{Heap after GC invocations=45 (full 0):
 garbage-first heap   total 253952K, used 128774K [0x0000000080000000, 0x0000000100000000)
  region size 1024K, 11 young (11264K), 11 survivors (11264K)
 Metaspace       used 122575K, committed 123456K, reserved 1155072K
  class space    used 17120K, committed 17536K, reserved 1048576K
}
Event: 1384.451 GC heap before
{Heap before GC invocations=45 (full 0):
 garbage-first heap   total 253952K, used 166662K [0x0000000080000000, 0x0000000100000000)
  region size 1024K, 28 young (28672K), 11 survivors (11264K)
 Metaspace       used 122641K, committed 123520K, reserved 1155072K
  class space    used 17120K, committed 17536K, reserved 1048576K
}
Event: 1384.460 GC heap after
{Heap after GC invocations=46 (full 0):
 garbage-first heap   total 253952K, used 140877K [0x0000000080000000, 0x0000000100000000)
  region size 1024K, 6 young (6144K), 6 survivors (6144K)
 Metaspace       used 122641K, committed 123520K, reserved 1155072K
  class space    used 17120K, committed 17536K, reserved 1048576K
}
Event: 1384.467 GC heap before
{Heap before GC invocations=46 (full 0):
 garbage-first heap   total 253952K, used 153165K [0x0000000080000000, 0x0000000100000000)
  region size 1024K, 7 young (7168K), 6 survivors (6144K)
 Metaspace       used 122641K, committed 123520K, reserved 1155072K
  class space    used 17120K, committed 17536K, reserved 1048576K
}
Event: 1384.472 GC heap after
{Heap after GC invocations=47 (full 0):
 garbage-first heap   total 253952K, used 148283K [0x0000000080000000, 0x0000000100000000)
  region size 1024K, 2 young (2048K), 2 survivors (2048K)
 Metaspace       used 122641K, committed 123520K, reserved 1155072K
  class space    used 17120K, committed 17536K, reserved 1048576K
}
Event: 1384.473 GC heap before
{Heap before GC invocations=47 (full 0):
 garbage-first heap   total 253952K, used 154427K [0x0000000080000000, 0x0000000100000000)
  region size 1024K, 3 young (3072K), 2 survivors (2048K)
 Metaspace       used 122641K, committed 123520K, reserved 1155072K
  class space    used 17120K, committed 17536K, reserved 1048576K
}
Event: 1384.475 GC heap after
{Heap after GC invocations=48 (full 0):
 garbage-first heap   total 253952K, used 153618K [0x0000000080000000, 0x0000000100000000)
  region size 1024K, 1 young (1024K), 1 survivors (1024K)
 Metaspace       used 122641K, committed 123520K, reserved 1155072K
  class space    used 17120K, committed 17536K, reserved 1048576K
}
Event: 1459.085 GC heap before
{Heap before GC invocations=49 (full 0):
 garbage-first heap   total 266240K, used 223250K [0x0000000080000000, 0x0000000100000000)
  region size 1024K, 66 young (67584K), 1 survivors (1024K)
 Metaspace       used 122975K, committed 123840K, reserved 1163264K
  class space    used 17128K, committed 17536K, reserved 1048576K
}
Event: 1459.093 GC heap after
{Heap after GC invocations=50 (full 0):
 garbage-first heap   total 266240K, used 136503K [0x0000000080000000, 0x0000000100000000)
  region size 1024K, 8 young (8192K), 8 survivors (8192K)
 Metaspace       used 122975K, committed 123840K, reserved 1163264K
  class space    used 17128K, committed 17536K, reserved 1048576K
}
Event: 1459.158 GC heap before
{Heap before GC invocations=50 (full 0):
 garbage-first heap   total 266240K, used 141623K [0x0000000080000000, 0x0000000100000000)
  region size 1024K, 13 young (13312K), 8 survivors (8192K)
 Metaspace       used 123028K, committed 123968K, reserved 1163264K
  class space    used 17130K, committed 17600K, reserved 1048576K
}
Event: 1459.168 GC heap after
{Heap after GC invocations=51 (full 0):
 garbage-first heap   total 266240K, used 134875K [0x0000000080000000, 0x0000000100000000)
  region size 1024K, 1 young (1024K), 1 survivors (1024K)
 Metaspace       used 123028K, committed 123968K, reserved 1163264K
  class space    used 17130K, committed 17600K, reserved 1048576K
}
Event: 2256.286 GC heap before
{Heap before GC invocations=51 (full 0):
 garbage-first heap   total 266240K, used 222939K [0x0000000080000000, 0x0000000100000000)
  region size 1024K, 88 young (90112K), 1 survivors (1024K)
 Metaspace       used 123454K, committed 124480K, reserved 1163264K
  class space    used 17173K, committed 17664K, reserved 1048576K
}
Event: 2256.309 GC heap after
{Heap after GC invocations=52 (full 0):
 garbage-first heap   total 319488K, used 143442K [0x0000000080000000, 0x0000000100000000)
  region size 1024K, 10 young (10240K), 10 survivors (10240K)
 Metaspace       used 123454K, committed 124480K, reserved 1163264K
  class space    used 17173K, committed 17664K, reserved 1048576K
}

