# JRE version: OpenJDK Runtime Environment (17.0.6) (build 17.0.6+0-b2043.56-9586694)
# Java VM: OpenJDK 64-Bit Server VM (17.0.6+0-b2043.56-9586694, mixed mode, tiered, compressed oops, compressed class ptrs, g1 gc, windows-amd64)
GC Precious Log:
 CPUs: 8 total, 8 available
 Memory: 16236M
 Large Page Support: Disabled
 NUMA Support: Disabled
 Compressed Oops: Enabled (32-bit)
 Heap Region Size: 1M
 Heap Min Capacity: 8M
 Heap Initial Capacity: 254M
 Heap Max Capacity: 2G
 Pre-touch: Disabled
 Parallel Workers: 8
 Concurrent Workers: 2
 Concurrent Refinement Workers: 8
 Periodic GC: Disabled
Heap:
 garbage-first heap   total 371712K, used 137827K [0x0000000080000000, 0x0000000100000000)
  region size 1024K, 2 young (2048K), 2 survivors (2048K)
 Metaspace       used 148500K, committed 149568K, reserved 1179648K
  class space    used 20079K, committed 20672K, reserved 1048576K
GC Heap History (20 events):
Event: 1293.945 GC heap after
{Heap after GC invocations=48 (full 0):
 garbage-first heap   total 371712K, used 144630K [0x0000000080000000, 0x0000000100000000)
  region size 1024K, 3 young (3072K), 3 survivors (3072K)
 Metaspace       used 146681K, committed 147712K, reserved 1179648K
  class space    used 20073K, committed 20608K, reserved 1048576K
}
Event: 1294.198 GC heap before
{Heap before GC invocations=48 (full 0):
 garbage-first heap   total 371712K, used 261366K [0x0000000080000000, 0x0000000100000000)
  region size 1024K, 119 young (121856K), 3 survivors (3072K)
 Metaspace       used 146699K, committed 147776K, reserved 1179648K
  class space    used 20074K, committed 20608K, reserved 1048576K
}
Event: 1294.204 GC heap after
{Heap after GC invocations=49 (full 0):
 garbage-first heap   total 371712K, used 151843K [0x0000000080000000, 0x0000000100000000)
  region size 1024K, 10 young (10240K), 10 survivors (10240K)
 Metaspace       used 146699K, committed 147776K, reserved 1179648K
  class space    used 20074K, committed 20608K, reserved 1048576K
}
Event: 1959.050 GC heap before
{Heap before GC invocations=50 (full 0):
 garbage-first heap   total 371712K, used 341283K [0x0000000080000000, 0x0000000100000000)
  region size 1024K, 148 young (151552K), 10 survivors (10240K)
 Metaspace       used 147221K, committed 148352K, reserved 1179648K
  class space    used 20105K, committed 20672K, reserved 1048576K
}
Event: 1959.057 GC heap after
{Heap after GC invocations=51 (full 0):
 garbage-first heap   total 371712K, used 152183K [0x0000000080000000, 0x0000000100000000)
  region size 1024K, 9 young (9216K), 9 survivors (9216K)
 Metaspace       used 147221K, committed 148352K, reserved 1179648K
  class space    used 20105K, committed 20672K, reserved 1048576K
}
Event: 1959.105 GC heap before
{Heap before GC invocations=51 (full 0):
 garbage-first heap   total 371712K, used 161399K [0x0000000080000000, 0x0000000100000000)
  region size 1024K, 18 young (18432K), 9 survivors (9216K)
 Metaspace       used 147293K, committed 148416K, reserved 1179648K
  class space    used 20118K, committed 20672K, reserved 1048576K
}
Event: 1959.113 GC heap after
{Heap after GC invocations=52 (full 0):
 garbage-first heap   total 371712K, used 150079K [0x0000000080000000, 0x0000000100000000)
  region size 1024K, 2 young (2048K), 2 survivors (2048K)
 Metaspace       used 147293K, committed 148416K, reserved 1179648K
  class space    used 20118K, committed 20672K, reserved 1048576K
}
Event: 2427.817 GC heap before
{Heap before GC invocations=52 (full 0):
 garbage-first heap   total 371712K, used 296511K [0x0000000080000000, 0x0000000100000000)
  region size 1024K, 145 young (148480K), 2 survivors (2048K)
 Metaspace       used 147802K, committed 148928K, reserved 1179648K
  class space    used 20125K, committed 20672K, reserved 1048576K
}
Event: 2427.828 GC heap after
{Heap after GC invocations=53 (full 0):
 garbage-first heap   total 371712K, used 161768K [0x0000000080000000, 0x0000000100000000)
  region size 1024K, 13 young (13312K), 13 survivors (13312K)
 Metaspace       used 147802K, committed 148928K, reserved 1179648K
  class space    used 20125K, committed 20672K, reserved 1048576K
}
Event: 3345.299 GC heap before
{Heap before GC invocations=54 (full 0):
 garbage-first heap   total 371712K, used 335848K [0x0000000080000000, 0x0000000100000000)
  region size 1024K, 145 young (148480K), 13 survivors (13312K)
 Metaspace       used 148025K, committed 149120K, reserved 1179648K
  class space    used 20087K, committed 20672K, reserved 1048576K
}
Event: 3345.315 GC heap after
{Heap after GC invocations=55 (full 0):
 garbage-first heap   total 371712K, used 166238K [0x0000000080000000, 0x0000000100000000)
  region size 1024K, 12 young (12288K), 12 survivors (12288K)
 Metaspace       used 148025K, committed 149120K, reserved 1179648K
  class space    used 20087K, committed 20672K, reserved 1048576K
}
Event: 3345.344 GC heap before
{Heap before GC invocations=55 (full 0):
 garbage-first heap   total 371712K, used 172382K [0x0000000080000000, 0x0000000100000000)
  region size 1024K, 18 young (18432K), 12 survivors (12288K)
 Metaspace       used 148030K, committed 149120K, reserved 1179648K
  class space    used 20087K, committed 20672K, reserved 1048576K
}
Event: 3345.361 GC heap after
{Heap after GC invocations=56 (full 0):
 garbage-first heap   total 371712K, used 147652K [0x0000000080000000, 0x0000000100000000)
  region size 1024K, 2 young (2048K), 2 survivors (2048K)
 Metaspace       used 148030K, committed 149120K, reserved 1179648K
  class space    used 20087K, committed 20672K, reserved 1048576K
}
Event: 3345.588 GC heap before
{Heap before GC invocations=56 (full 0):
 garbage-first heap   total 371712K, used 189636K [0x0000000080000000, 0x0000000100000000)
  region size 1024K, 45 young (46080K), 2 survivors (2048K)
 Metaspace       used 148244K, committed 149312K, reserved 1179648K
  class space    used 20087K, committed 20672K, reserved 1048576K
}
Event: 3345.590 GC heap after
{Heap after GC invocations=57 (full 0):
 garbage-first heap   total 371712K, used 146771K [0x0000000080000000, 0x0000000100000000)
  region size 1024K, 2 young (2048K), 2 survivors (2048K)
 Metaspace       used 148244K, committed 149312K, reserved 1179648K
  class space    used 20087K, committed 20672K, reserved 1048576K
}
Event: 3854.401 GC heap before
{Heap before GC invocations=58 (full 0):
 garbage-first heap   total 371712K, used 351571K [0x0000000080000000, 0x0000000100000000)
  region size 1024K, 147 young (150528K), 2 survivors (2048K)
 Metaspace       used 148445K, committed 149504K, reserved 1179648K
  class space    used 20076K, committed 20672K, reserved 1048576K
}
Event: 3854.417 GC heap after
{Heap after GC invocations=59 (full 0):
 garbage-first heap   total 371712K, used 149826K [0x0000000080000000, 0x0000000100000000)
  region size 1024K, 11 young (11264K), 11 survivors (11264K)
 Metaspace       used 148445K, committed 149504K, reserved 1179648K
  class space    used 20076K, committed 20672K, reserved 1048576K
}
Event: 3854.455 GC heap before
{Heap before GC invocations=59 (full 0):
 garbage-first heap   total 371712K, used 156994K [0x0000000080000000, 0x0000000100000000)
  region size 1024K, 18 young (18432K), 11 survivors (11264K)
 Metaspace       used 148453K, committed 149568K, reserved 1179648K
  class space    used 20076K, committed 20672K, reserved 1048576K
}
Event: 3854.469 GC heap after
{Heap after GC invocations=60 (full 0):
 garbage-first heap   total 371712K, used 138158K [0x0000000080000000, 0x0000000100000000)
  region size 1024K, 2 young (2048K), 2 survivors (2048K)
 Metaspace       used 148453K, committed 149568K, reserved 1179648K
  class space    used 20076K, committed 20672K, reserved 1048576K
}
Event: 3854.657 GC heap before
{Heap before GC invocations=60 (full 0):
 garbage-first heap   total 371712K, used 159662K [0x0000000080000000, 0x0000000100000000)
  region size 1024K, 25 young (25600K), 2 survivors (2048K)
 Metaspace       used 148500K, committed 149568K, reserved 1179648K
  class space    used 20079K, committed 20672K, reserved 1048576K
}

